[0.055s] DEBUG:colcon:Command line arguments: ['/usr/bin/colcon', 'build']
[0.055s] DEBUG:colcon:Parsed command line arguments: Namespace(log_base=None, log_level=None, verb_name='build', build_base='build', install_base='install', merge_install=False, symlink_install=False, test_result_base=None, continue_on_error=False, executor='parallel', parallel_workers=16, event_handlers=None, ignore_user_meta=False, metas=['./colcon.meta'], base_paths=['.'], packages_ignore=None, packages_ignore_regex=None, paths=None, packages_up_to=None, packages_up_to_regex=None, packages_above=None, packages_above_and_dependencies=None, packages_above_depth=None, packages_select_by_dep=None, packages_skip_by_dep=None, packages_skip_up_to=None, packages_select_build_failed=False, packages_skip_build_finished=False, packages_select_test_failures=False, packages_skip_test_passed=False, packages_select=None, packages_skip=None, packages_select_regex=None, packages_skip_regex=None, packages_start=None, packages_end=None, allow_overriding=[], cmake_args=None, cmake_target=None, cmake_target_skip_unavailable=False, cmake_clean_cache=False, cmake_clean_first=False, cmake_force_configure=False, ament_cmake_args=None, catkin_cmake_args=None, catkin_skip_building_tests=False, verb_parser=<colcon_defaults.argument_parser.defaults.DefaultArgumentsDecorator object at 0x7b370e752d80>, verb_extension=<colcon_core.verb.build.BuildVerb object at 0x7b370e752360>, main=<bound method BuildVerb.main of <colcon_core.verb.build.BuildVerb object at 0x7b370e752360>>)
[0.075s] Level 1:colcon.colcon_core.package_discovery:discover_packages(colcon_meta) check parameters
[0.075s] Level 1:colcon.colcon_core.package_discovery:discover_packages(recursive) check parameters
[0.075s] Level 1:colcon.colcon_core.package_discovery:discover_packages(ignore) check parameters
[0.075s] Level 1:colcon.colcon_core.package_discovery:discover_packages(path) check parameters
[0.076s] Level 1:colcon.colcon_core.package_discovery:discover_packages(colcon_meta) discover
[0.076s] Level 1:colcon.colcon_core.package_discovery:discover_packages(recursive) discover
[0.076s] INFO:colcon.colcon_core.package_discovery:Crawling recursively for packages in '/media/lee/other/gitText'
[0.076s] Level 1:colcon.colcon_core.package_identification:_identify(.) by extensions ['ignore', 'ignore_ament_install']
[0.076s] Level 1:colcon.colcon_core.package_identification:_identify(.) by extension 'ignore'
[0.076s] Level 1:colcon.colcon_core.package_identification:_identify(.) by extension 'ignore_ament_install'
[0.076s] Level 1:colcon.colcon_core.package_identification:_identify(.) by extensions ['colcon_pkg']
[0.076s] Level 1:colcon.colcon_core.package_identification:_identify(.) by extension 'colcon_pkg'
[0.076s] Level 1:colcon.colcon_core.package_identification:_identify(.) by extensions ['colcon_meta']
[0.076s] Level 1:colcon.colcon_core.package_identification:_identify(.) by extension 'colcon_meta'
[0.076s] Level 1:colcon.colcon_core.package_identification:_identify(.) by extensions ['ros']
[0.076s] Level 1:colcon.colcon_core.package_identification:_identify(.) by extension 'ros'
[0.091s] Level 1:colcon.colcon_core.package_identification:_identify(.) by extensions ['cmake', 'python']
[0.091s] Level 1:colcon.colcon_core.package_identification:_identify(.) by extension 'cmake'
[0.091s] Level 1:colcon.colcon_core.package_identification:_identify(.) by extension 'python'
[0.091s] Level 1:colcon.colcon_core.package_identification:_identify(.) by extensions ['python_setup_py']
[0.091s] Level 1:colcon.colcon_core.package_identification:_identify(.) by extension 'python_setup_py'
[0.091s] Level 1:colcon.colcon_core.package_identification:_identify(build) by extensions ['ignore', 'ignore_ament_install']
[0.091s] Level 1:colcon.colcon_core.package_identification:_identify(build) by extension 'ignore'
[0.091s] Level 1:colcon.colcon_core.package_identification:_identify(build) ignored
[0.091s] Level 1:colcon.colcon_core.package_identification:_identify(install) by extensions ['ignore', 'ignore_ament_install']
[0.091s] Level 1:colcon.colcon_core.package_identification:_identify(install) by extension 'ignore'
[0.091s] Level 1:colcon.colcon_core.package_identification:_identify(install) ignored
[0.091s] Level 1:colcon.colcon_core.package_identification:_identify(log) by extensions ['ignore', 'ignore_ament_install']
[0.091s] Level 1:colcon.colcon_core.package_identification:_identify(log) by extension 'ignore'
[0.091s] Level 1:colcon.colcon_core.package_identification:_identify(log) ignored
[0.091s] Level 1:colcon.colcon_core.package_identification:_identify(src) by extensions ['ignore', 'ignore_ament_install']
[0.091s] Level 1:colcon.colcon_core.package_identification:_identify(src) by extension 'ignore'
[0.091s] Level 1:colcon.colcon_core.package_identification:_identify(src) by extension 'ignore_ament_install'
[0.091s] Level 1:colcon.colcon_core.package_identification:_identify(src) by extensions ['colcon_pkg']
[0.091s] Level 1:colcon.colcon_core.package_identification:_identify(src) by extension 'colcon_pkg'
[0.091s] Level 1:colcon.colcon_core.package_identification:_identify(src) by extensions ['colcon_meta']
[0.091s] Level 1:colcon.colcon_core.package_identification:_identify(src) by extension 'colcon_meta'
[0.091s] Level 1:colcon.colcon_core.package_identification:_identify(src) by extensions ['ros']
[0.091s] Level 1:colcon.colcon_core.package_identification:_identify(src) by extension 'ros'
[0.092s] Level 1:colcon.colcon_core.package_identification:_identify(src) by extensions ['cmake', 'python']
[0.092s] Level 1:colcon.colcon_core.package_identification:_identify(src) by extension 'cmake'
[0.092s] Level 1:colcon.colcon_core.package_identification:_identify(src) by extension 'python'
[0.092s] Level 1:colcon.colcon_core.package_identification:_identify(src) by extensions ['python_setup_py']
[0.092s] Level 1:colcon.colcon_core.package_identification:_identify(src) by extension 'python_setup_py'
[0.092s] Level 1:colcon.colcon_core.package_identification:_identify(src/git_test) by extensions ['ignore', 'ignore_ament_install']
[0.092s] Level 1:colcon.colcon_core.package_identification:_identify(src/git_test) by extension 'ignore'
[0.092s] Level 1:colcon.colcon_core.package_identification:_identify(src/git_test) by extension 'ignore_ament_install'
[0.092s] Level 1:colcon.colcon_core.package_identification:_identify(src/git_test) by extensions ['colcon_pkg']
[0.092s] Level 1:colcon.colcon_core.package_identification:_identify(src/git_test) by extension 'colcon_pkg'
[0.092s] Level 1:colcon.colcon_core.package_identification:_identify(src/git_test) by extensions ['colcon_meta']
[0.092s] Level 1:colcon.colcon_core.package_identification:_identify(src/git_test) by extension 'colcon_meta'
[0.092s] Level 1:colcon.colcon_core.package_identification:_identify(src/git_test) by extensions ['ros']
[0.092s] Level 1:colcon.colcon_core.package_identification:_identify(src/git_test) by extension 'ros'
[0.094s] DEBUG:colcon.colcon_core.package_identification:Package 'src/git_test' with type 'ros.ament_cmake' and name 'git_test'
[0.094s] Level 1:colcon.colcon_core.package_discovery:discover_packages(recursive) using defaults
[0.094s] Level 1:colcon.colcon_core.package_discovery:discover_packages(ignore) discover
[0.094s] Level 1:colcon.colcon_core.package_discovery:discover_packages(ignore) using defaults
[0.094s] Level 1:colcon.colcon_core.package_discovery:discover_packages(path) discover
[0.094s] Level 1:colcon.colcon_core.package_discovery:discover_packages(path) using defaults
[0.103s] Level 1:colcon.colcon_core.package_discovery:discover_packages(prefix_path) check parameters
[0.103s] Level 1:colcon.colcon_core.package_discovery:discover_packages(prefix_path) discover
[0.104s] DEBUG:colcon.colcon_installed_package_information.package_discovery:Found 6 installed packages in /media/lee/other/ROS2/dev_ws/install
[0.105s] DEBUG:colcon.colcon_installed_package_information.package_discovery:Found 285 installed packages in /opt/ros/rolling
[0.105s] Level 1:colcon.colcon_core.package_discovery:discover_packages(prefix_path) using defaults
[0.125s] Level 5:colcon.colcon_core.verb:set package 'git_test' build argument 'cmake_args' from command line to 'None'
[0.125s] Level 5:colcon.colcon_core.verb:set package 'git_test' build argument 'cmake_target' from command line to 'None'
[0.125s] Level 5:colcon.colcon_core.verb:set package 'git_test' build argument 'cmake_target_skip_unavailable' from command line to 'False'
[0.125s] Level 5:colcon.colcon_core.verb:set package 'git_test' build argument 'cmake_clean_cache' from command line to 'False'
[0.125s] Level 5:colcon.colcon_core.verb:set package 'git_test' build argument 'cmake_clean_first' from command line to 'False'
[0.125s] Level 5:colcon.colcon_core.verb:set package 'git_test' build argument 'cmake_force_configure' from command line to 'False'
[0.125s] Level 5:colcon.colcon_core.verb:set package 'git_test' build argument 'ament_cmake_args' from command line to 'None'
[0.125s] Level 5:colcon.colcon_core.verb:set package 'git_test' build argument 'catkin_cmake_args' from command line to 'None'
[0.125s] Level 5:colcon.colcon_core.verb:set package 'git_test' build argument 'catkin_skip_building_tests' from command line to 'False'
[0.125s] DEBUG:colcon.colcon_core.verb:Building package 'git_test' with the following arguments: {'ament_cmake_args': None, 'build_base': '/media/lee/other/gitText/build/git_test', 'catkin_cmake_args': None, 'catkin_skip_building_tests': False, 'cmake_args': None, 'cmake_clean_cache': False, 'cmake_clean_first': False, 'cmake_force_configure': False, 'cmake_target': None, 'cmake_target_skip_unavailable': False, 'install_base': '/media/lee/other/gitText/install/git_test', 'merge_install': False, 'path': '/media/lee/other/gitText/src/git_test', 'symlink_install': False, 'test_result_base': None}
[0.125s] INFO:colcon.colcon_core.executor:Executing jobs using 'parallel' executor
[0.126s] DEBUG:colcon.colcon_parallel_executor.executor.parallel:run_until_complete
[0.126s] INFO:colcon.colcon_ros.task.ament_cmake.build:Building ROS package in '/media/lee/other/gitText/src/git_test' with build type 'ament_cmake'
[0.126s] INFO:colcon.colcon_cmake.task.cmake.build:Building CMake package in '/media/lee/other/gitText/src/git_test'
[0.127s] INFO:colcon.colcon_core.plugin_system:Skipping extension 'colcon_core.shell.bat': Not used on non-Windows systems
[0.127s] INFO:colcon.colcon_core.shell:Skip shell extension 'powershell' for command environment: Not usable outside of PowerShell
[0.127s] DEBUG:colcon.colcon_core.shell:Skip shell extension 'dsv' for command environment
[0.132s] DEBUG:colcon.colcon_core.event_handler.log_command:Invoking command in '/media/lee/other/gitText/build/git_test': CMAKE_PREFIX_PATH=${CMAKE_PREFIX_PATH}:/opt/ros/rolling DEBUGINFOD_URLS=https://debuginfod.ubuntu.com /usr/bin/cmake /media/lee/other/gitText/src/git_test -DCMAKE_INSTALL_PREFIX=/media/lee/other/gitText/install/git_test
[1.075s] DEBUG:colcon.colcon_core.event_handler.log_command:Invoked command in '/media/lee/other/gitText/build/git_test' returned '0': CMAKE_PREFIX_PATH=${CMAKE_PREFIX_PATH}:/opt/ros/rolling DEBUGINFOD_URLS=https://debuginfod.ubuntu.com /usr/bin/cmake /media/lee/other/gitText/src/git_test -DCMAKE_INSTALL_PREFIX=/media/lee/other/gitText/install/git_test
[1.076s] DEBUG:colcon.colcon_core.event_handler.log_command:Invoking command in '/media/lee/other/gitText/build/git_test': CMAKE_PREFIX_PATH=${CMAKE_PREFIX_PATH}:/opt/ros/rolling DEBUGINFOD_URLS=https://debuginfod.ubuntu.com /usr/bin/cmake --build /media/lee/other/gitText/build/git_test -- -j16 -l16
[6.244s] DEBUG:colcon.colcon_core.event_handler.log_command:Invoked command in '/media/lee/other/gitText/build/git_test' returned '0': CMAKE_PREFIX_PATH=${CMAKE_PREFIX_PATH}:/opt/ros/rolling DEBUGINFOD_URLS=https://debuginfod.ubuntu.com /usr/bin/cmake --build /media/lee/other/gitText/build/git_test -- -j16 -l16
[6.320s] DEBUG:colcon.colcon_core.event_handler.log_command:Invoking command in '/media/lee/other/gitText/build/git_test': CMAKE_PREFIX_PATH=${CMAKE_PREFIX_PATH}:/opt/ros/rolling DEBUGINFOD_URLS=https://debuginfod.ubuntu.com /usr/bin/cmake --install /media/lee/other/gitText/build/git_test
[6.342s] Level 1:colcon.colcon_core.environment:create_environment_scripts_only(git_test)
[6.342s] DEBUG:colcon.colcon_core.event_handler.log_command:Invoked command in '/media/lee/other/gitText/build/git_test' returned '0': CMAKE_PREFIX_PATH=${CMAKE_PREFIX_PATH}:/opt/ros/rolling DEBUGINFOD_URLS=https://debuginfod.ubuntu.com /usr/bin/cmake --install /media/lee/other/gitText/build/git_test
[6.344s] Level 1:colcon.colcon_core.environment:checking '/media/lee/other/gitText/install/git_test' for CMake module files
[6.345s] Level 1:colcon.colcon_core.environment:checking '/media/lee/other/gitText/install/git_test' for CMake config files
[6.345s] Level 1:colcon.colcon_core.shell:create_environment_hook('git_test', 'cmake_prefix_path')
[6.345s] INFO:colcon.colcon_core.shell:Creating environment hook '/media/lee/other/gitText/install/git_test/share/git_test/hook/cmake_prefix_path.ps1'
[6.346s] INFO:colcon.colcon_core.shell:Creating environment descriptor '/media/lee/other/gitText/install/git_test/share/git_test/hook/cmake_prefix_path.dsv'
[6.346s] INFO:colcon.colcon_core.shell:Creating environment hook '/media/lee/other/gitText/install/git_test/share/git_test/hook/cmake_prefix_path.sh'
[6.347s] Level 1:colcon.colcon_core.environment:checking '/media/lee/other/gitText/install/git_test/lib'
[6.347s] Level 1:colcon.colcon_core.environment:checking '/media/lee/other/gitText/install/git_test/bin'
[6.347s] Level 1:colcon.colcon_core.environment:checking '/media/lee/other/gitText/install/git_test/lib/pkgconfig/git_test.pc'
[6.347s] Level 1:colcon.colcon_core.environment:checking '/media/lee/other/gitText/install/git_test/lib/python3.12/site-packages'
[6.347s] Level 1:colcon.colcon_core.environment:checking '/media/lee/other/gitText/install/git_test/bin'
[6.348s] INFO:colcon.colcon_core.shell:Creating package script '/media/lee/other/gitText/install/git_test/share/git_test/package.ps1'
[6.348s] INFO:colcon.colcon_core.shell:Creating package descriptor '/media/lee/other/gitText/install/git_test/share/git_test/package.dsv'
[6.349s] INFO:colcon.colcon_core.shell:Creating package script '/media/lee/other/gitText/install/git_test/share/git_test/package.sh'
[6.350s] INFO:colcon.colcon_core.shell:Creating package script '/media/lee/other/gitText/install/git_test/share/git_test/package.bash'
[6.350s] INFO:colcon.colcon_core.shell:Creating package script '/media/lee/other/gitText/install/git_test/share/git_test/package.zsh'
[6.351s] Level 1:colcon.colcon_core.environment:create_file_with_runtime_dependencies(/media/lee/other/gitText/install/git_test/share/colcon-core/packages/git_test)
[6.402s] Level 1:colcon.colcon_core.environment:create_environment_scripts_only(git_test)
[6.402s] Level 1:colcon.colcon_core.environment:checking '/media/lee/other/gitText/install/git_test' for CMake module files
[6.403s] Level 1:colcon.colcon_core.environment:checking '/media/lee/other/gitText/install/git_test' for CMake config files
[6.403s] Level 1:colcon.colcon_core.shell:create_environment_hook('git_test', 'cmake_prefix_path')
[6.404s] INFO:colcon.colcon_core.shell:Creating environment hook '/media/lee/other/gitText/install/git_test/share/git_test/hook/cmake_prefix_path.ps1'
[6.404s] INFO:colcon.colcon_core.shell:Creating environment descriptor '/media/lee/other/gitText/install/git_test/share/git_test/hook/cmake_prefix_path.dsv'
[6.405s] INFO:colcon.colcon_core.shell:Creating environment hook '/media/lee/other/gitText/install/git_test/share/git_test/hook/cmake_prefix_path.sh'
[6.406s] Level 1:colcon.colcon_core.environment:checking '/media/lee/other/gitText/install/git_test/lib'
[6.406s] Level 1:colcon.colcon_core.environment:checking '/media/lee/other/gitText/install/git_test/bin'
[6.406s] Level 1:colcon.colcon_core.environment:checking '/media/lee/other/gitText/install/git_test/lib/pkgconfig/git_test.pc'
[6.406s] Level 1:colcon.colcon_core.environment:checking '/media/lee/other/gitText/install/git_test/lib/python3.12/site-packages'
[6.406s] Level 1:colcon.colcon_core.environment:checking '/media/lee/other/gitText/install/git_test/bin'
[6.407s] INFO:colcon.colcon_core.shell:Creating package script '/media/lee/other/gitText/install/git_test/share/git_test/package.ps1'
[6.407s] INFO:colcon.colcon_core.shell:Creating package descriptor '/media/lee/other/gitText/install/git_test/share/git_test/package.dsv'
[6.408s] INFO:colcon.colcon_core.shell:Creating package script '/media/lee/other/gitText/install/git_test/share/git_test/package.sh'
[6.408s] INFO:colcon.colcon_core.shell:Creating package script '/media/lee/other/gitText/install/git_test/share/git_test/package.bash'
[6.409s] INFO:colcon.colcon_core.shell:Creating package script '/media/lee/other/gitText/install/git_test/share/git_test/package.zsh'
[6.409s] Level 1:colcon.colcon_core.environment:create_file_with_runtime_dependencies(/media/lee/other/gitText/install/git_test/share/colcon-core/packages/git_test)
[6.410s] DEBUG:colcon.colcon_parallel_executor.executor.parallel:closing loop
[6.410s] DEBUG:colcon.colcon_parallel_executor.executor.parallel:loop closed
[6.411s] DEBUG:colcon.colcon_parallel_executor.executor.parallel:run_until_complete finished with '0'
[6.411s] DEBUG:colcon.colcon_core.event_reactor:joining thread
[6.421s] INFO:colcon.colcon_core.plugin_system:Skipping extension 'colcon_notification.desktop_notification.terminal_notifier': Not used on non-Darwin systems
[6.421s] INFO:colcon.colcon_core.plugin_system:Skipping extension 'colcon_notification.desktop_notification.win32': Not used on non-Windows systems
[6.421s] INFO:colcon.colcon_notification.desktop_notification:Sending desktop notification using 'notify2'
[6.455s] DEBUG:colcon.colcon_core.event_reactor:joined thread
[6.456s] INFO:colcon.colcon_core.shell:Creating prefix script '/media/lee/other/gitText/install/local_setup.ps1'
[6.457s] INFO:colcon.colcon_core.shell:Creating prefix util module '/media/lee/other/gitText/install/_local_setup_util_ps1.py'
[6.459s] INFO:colcon.colcon_core.shell:Creating prefix chain script '/media/lee/other/gitText/install/setup.ps1'
[6.461s] INFO:colcon.colcon_core.shell:Creating prefix script '/media/lee/other/gitText/install/local_setup.sh'
[6.461s] INFO:colcon.colcon_core.shell:Creating prefix util module '/media/lee/other/gitText/install/_local_setup_util_sh.py'
[6.462s] INFO:colcon.colcon_core.shell:Creating prefix chain script '/media/lee/other/gitText/install/setup.sh'
[6.464s] INFO:colcon.colcon_core.shell:Creating prefix script '/media/lee/other/gitText/install/local_setup.bash'
[6.465s] INFO:colcon.colcon_core.shell:Creating prefix chain script '/media/lee/other/gitText/install/setup.bash'
[6.467s] INFO:colcon.colcon_core.shell:Creating prefix script '/media/lee/other/gitText/install/local_setup.zsh'
[6.468s] INFO:colcon.colcon_core.shell:Creating prefix chain script '/media/lee/other/gitText/install/setup.zsh'
