[0.072s] DEBUG:colcon:Command line arguments: ['/usr/bin/colcon', 'list', '-p', '--base-paths', '/media/lee/other/gitText']
[0.072s] DEBUG:colcon:Parsed command line arguments: Namespace(log_base=None, log_level=None, verb_name='list', build_base='build', ignore_user_meta=False, metas=['./colcon.meta'], base_paths=['/media/lee/other/gitText'], packages_ignore=None, packages_ignore_regex=None, paths=None, packages_up_to=None, packages_up_to_regex=None, packages_above=None, packages_above_and_dependencies=None, packages_above_depth=None, packages_select_by_dep=None, packages_skip_by_dep=None, packages_skip_up_to=None, packages_select_build_failed=False, packages_skip_build_finished=False, packages_select_test_failures=False, packages_skip_test_passed=False, packages_select=None, packages_skip=None, packages_select_regex=None, packages_skip_regex=None, packages_start=None, packages_end=None, allow_overriding=[], topological_order=False, names_only=False, paths_only=True, topological_graph=False, topological_graph_dot=False, topological_graph_density=False, topological_graph_legend=False, topological_graph_dot_cluster=False, topological_graph_dot_include_skipped=False, verb_parser=<colcon_defaults.argument_parser.defaults.DefaultArgumentsDecorator object at 0x7fc125a4b8c0>, verb_extension=<colcon_package_information.verb.list.ListVerb object at 0x7fc125b7a330>, main=<bound method ListVerb.main of <colcon_package_information.verb.list.ListVerb object at 0x7fc125b7a330>>)
[0.097s] Level 1:colcon.colcon_core.package_discovery:discover_packages(colcon_meta) check parameters
[0.097s] Level 1:colcon.colcon_core.package_discovery:discover_packages(recursive) check parameters
[0.097s] Level 1:colcon.colcon_core.package_discovery:discover_packages(ignore) check parameters
[0.097s] Level 1:colcon.colcon_core.package_discovery:discover_packages(path) check parameters
[0.097s] Level 1:colcon.colcon_core.package_discovery:discover_packages(recursive) discover
[0.097s] INFO:colcon.colcon_core.package_discovery:Crawling recursively for packages in '/media/lee/other/gitText'
[0.097s] Level 1:colcon.colcon_core.package_identification:_identify(/media/lee/other/gitText) by extensions ['ignore', 'ignore_ament_install']
[0.098s] Level 1:colcon.colcon_core.package_identification:_identify(/media/lee/other/gitText) by extension 'ignore'
[0.098s] Level 1:colcon.colcon_core.package_identification:_identify(/media/lee/other/gitText) by extension 'ignore_ament_install'
[0.098s] Level 1:colcon.colcon_core.package_identification:_identify(/media/lee/other/gitText) by extensions ['colcon_pkg']
[0.098s] Level 1:colcon.colcon_core.package_identification:_identify(/media/lee/other/gitText) by extension 'colcon_pkg'
[0.098s] Level 1:colcon.colcon_core.package_identification:_identify(/media/lee/other/gitText) by extensions ['colcon_meta']
[0.098s] Level 1:colcon.colcon_core.package_identification:_identify(/media/lee/other/gitText) by extension 'colcon_meta'
[0.098s] Level 1:colcon.colcon_core.package_identification:_identify(/media/lee/other/gitText) by extensions ['ros']
[0.098s] Level 1:colcon.colcon_core.package_identification:_identify(/media/lee/other/gitText) by extension 'ros'
[0.115s] Level 1:colcon.colcon_core.package_identification:_identify(/media/lee/other/gitText) by extensions ['cmake', 'python']
[0.115s] Level 1:colcon.colcon_core.package_identification:_identify(/media/lee/other/gitText) by extension 'cmake'
[0.115s] Level 1:colcon.colcon_core.package_identification:_identify(/media/lee/other/gitText) by extension 'python'
[0.115s] Level 1:colcon.colcon_core.package_identification:_identify(/media/lee/other/gitText) by extensions ['python_setup_py']
[0.115s] Level 1:colcon.colcon_core.package_identification:_identify(/media/lee/other/gitText) by extension 'python_setup_py'
[0.115s] Level 1:colcon.colcon_core.package_identification:_identify(/media/lee/other/gitText/build) by extensions ['ignore', 'ignore_ament_install']
[0.115s] Level 1:colcon.colcon_core.package_identification:_identify(/media/lee/other/gitText/build) by extension 'ignore'
[0.115s] Level 1:colcon.colcon_core.package_identification:_identify(/media/lee/other/gitText/build) ignored
[0.115s] Level 1:colcon.colcon_core.package_identification:_identify(/media/lee/other/gitText/install) by extensions ['ignore', 'ignore_ament_install']
[0.115s] Level 1:colcon.colcon_core.package_identification:_identify(/media/lee/other/gitText/install) by extension 'ignore'
[0.115s] Level 1:colcon.colcon_core.package_identification:_identify(/media/lee/other/gitText/install) ignored
[0.115s] Level 1:colcon.colcon_core.package_identification:_identify(/media/lee/other/gitText/log) by extensions ['ignore', 'ignore_ament_install']
[0.115s] Level 1:colcon.colcon_core.package_identification:_identify(/media/lee/other/gitText/log) by extension 'ignore'
[0.115s] Level 1:colcon.colcon_core.package_identification:_identify(/media/lee/other/gitText/log) ignored
[0.115s] Level 1:colcon.colcon_core.package_identification:_identify(/media/lee/other/gitText/src) by extensions ['ignore', 'ignore_ament_install']
[0.115s] Level 1:colcon.colcon_core.package_identification:_identify(/media/lee/other/gitText/src) by extension 'ignore'
[0.115s] Level 1:colcon.colcon_core.package_identification:_identify(/media/lee/other/gitText/src) by extension 'ignore_ament_install'
[0.115s] Level 1:colcon.colcon_core.package_identification:_identify(/media/lee/other/gitText/src) by extensions ['colcon_pkg']
[0.115s] Level 1:colcon.colcon_core.package_identification:_identify(/media/lee/other/gitText/src) by extension 'colcon_pkg'
[0.115s] Level 1:colcon.colcon_core.package_identification:_identify(/media/lee/other/gitText/src) by extensions ['colcon_meta']
[0.115s] Level 1:colcon.colcon_core.package_identification:_identify(/media/lee/other/gitText/src) by extension 'colcon_meta'
[0.115s] Level 1:colcon.colcon_core.package_identification:_identify(/media/lee/other/gitText/src) by extensions ['ros']
[0.115s] Level 1:colcon.colcon_core.package_identification:_identify(/media/lee/other/gitText/src) by extension 'ros'
[0.116s] Level 1:colcon.colcon_core.package_identification:_identify(/media/lee/other/gitText/src) by extensions ['cmake', 'python']
[0.116s] Level 1:colcon.colcon_core.package_identification:_identify(/media/lee/other/gitText/src) by extension 'cmake'
[0.116s] Level 1:colcon.colcon_core.package_identification:_identify(/media/lee/other/gitText/src) by extension 'python'
[0.116s] Level 1:colcon.colcon_core.package_identification:_identify(/media/lee/other/gitText/src) by extensions ['python_setup_py']
[0.116s] Level 1:colcon.colcon_core.package_identification:_identify(/media/lee/other/gitText/src) by extension 'python_setup_py'
[0.116s] Level 1:colcon.colcon_core.package_identification:_identify(/media/lee/other/gitText/src/git_test) by extensions ['ignore', 'ignore_ament_install']
[0.116s] Level 1:colcon.colcon_core.package_identification:_identify(/media/lee/other/gitText/src/git_test) by extension 'ignore'
[0.116s] Level 1:colcon.colcon_core.package_identification:_identify(/media/lee/other/gitText/src/git_test) by extension 'ignore_ament_install'
[0.116s] Level 1:colcon.colcon_core.package_identification:_identify(/media/lee/other/gitText/src/git_test) by extensions ['colcon_pkg']
[0.116s] Level 1:colcon.colcon_core.package_identification:_identify(/media/lee/other/gitText/src/git_test) by extension 'colcon_pkg'
[0.116s] Level 1:colcon.colcon_core.package_identification:_identify(/media/lee/other/gitText/src/git_test) by extensions ['colcon_meta']
[0.116s] Level 1:colcon.colcon_core.package_identification:_identify(/media/lee/other/gitText/src/git_test) by extension 'colcon_meta'
[0.116s] Level 1:colcon.colcon_core.package_identification:_identify(/media/lee/other/gitText/src/git_test) by extensions ['ros']
[0.116s] Level 1:colcon.colcon_core.package_identification:_identify(/media/lee/other/gitText/src/git_test) by extension 'ros'
[0.117s] DEBUG:colcon.colcon_core.package_identification:Package '/media/lee/other/gitText/src/git_test' with type 'ros.ament_cmake' and name 'git_test'
[0.117s] Level 1:colcon.colcon_core.package_discovery:discover_packages(recursive) using defaults
